<testsuites id="" name="" tests="1" failures="1" skipped="0" errors="0" time="20.784849">
<testsuite name="tests/navigation.spec.js" timestamp="2025-08-09T05:35:04.762Z" hostname="chromium" tests="1" failures="1" skipped="0" time="19.02" errors="0">
<testcase name="Navigation › should display the main navigation" classname="tests/navigation.spec.js" time="19.02">
<failure message="navigation.spec.js:8:3 should display the main navigation" type="FAILURE">
<![CDATA[  [chromium] › tests/navigation.spec.js:8:3 › Navigation › should display the main navigation ──────

    Error: Timed out 10000ms waiting for expect(locator).toBeVisible()

    Locator: getByText('PMBOK学習システム')
    Expected: visible
    Received: <element(s) not found>
    Call log:
      - Expect "toBeVisible" with timeout 10000ms
      - waiting for getByText('PMBOK学習システム')


       8 |   test('should display the main navigation', async ({ page }) => {
       9 |     // Check that the main navigation is visible
    > 10 |     await expect(page.getByText('PMBOK学習システム')).toBeVisible();
         |                                                 ^
      11 |     
      12 |     // Check navigation items are present
      13 |     await expect(page.getByRole('link', { name: 'ホーム' })).toBeVisible();
        at /home/kurosawa/PMPLearningManagement/e2e/tests/navigation.spec.js:10:49

    attachment #1: screenshot (image/png) ──────────────────────────────────────────────────────────
    ../test-results/tests-navigation-Navigatio-2e9a9-display-the-main-navigation-chromium/test-failed-1.png
    ────────────────────────────────────────────────────────────────────────────────────────────────

    attachment #2: video (video/webm) ──────────────────────────────────────────────────────────────
    ../test-results/tests-navigation-Navigatio-2e9a9-display-the-main-navigation-chromium/video.webm
    ────────────────────────────────────────────────────────────────────────────────────────────────

    Error Context: ../test-results/tests-navigation-Navigatio-2e9a9-display-the-main-navigation-chromium/error-context.md
]]>
</failure>
<system-out>
<![CDATA[
[[ATTACHMENT|test-results/tests-navigation-Navigatio-2e9a9-display-the-main-navigation-chromium/test-failed-1.png]]

[[ATTACHMENT|test-results/tests-navigation-Navigatio-2e9a9-display-the-main-navigation-chromium/video.webm]]

[[ATTACHMENT|test-results/tests-navigation-Navigatio-2e9a9-display-the-main-navigation-chromium/error-context.md]]
]]>
</system-out>
</testcase>
</testsuite>
</testsuites>