{"numTotalTestSuites":4,"numPassedTestSuites":0,"numFailedTestSuites":4,"numPendingTestSuites":0,"numTotalTests":0,"numPassedTests":0,"numFailedTests":0,"numPendingTests":0,"numTodoTests":0,"startTime":1754995263657,"success":false,"testResults":[{"assertionResults":[],"startTime":1754995263657,"endTime":1754995263657,"status":"failed","message":"Playwright Test did not expect test.describe() to be called here.\nMost common reasons include:\n- You are calling test.describe() in a configuration file.\n- You are calling test.describe() in a file that is imported by the configuration file.\n- You have two different versions of @playwright/test. This usually happens\n  when one of the dependencies in your package.json depends on @playwright/test.","name":"/home/kurosawa/PMPLearningManagement/e2e/home.spec.ts"},{"assertionResults":[],"startTime":1754995263657,"endTime":1754995263657,"status":"failed","message":"Cannot set property isConnected of [object Object] which has only a getter","name":"/home/kurosawa/PMPLearningManagement/e2e/tests/accessibility.spec.js"},{"assertionResults":[],"startTime":1754995263657,"endTime":1754995263657,"status":"failed","message":"Playwright Test did not expect test.describe() to be called here.\nMost common reasons include:\n- You are calling test.describe() in a configuration file.\n- You are calling test.describe() in a file that is imported by the configuration file.\n- You have two different versions of @playwright/test. This usually happens\n  when one of the dependencies in your package.json depends on @playwright/test.","name":"/home/kurosawa/PMPLearningManagement/e2e/tests/home.spec.js"},{"assertionResults":[],"startTime":1754995263657,"endTime":1754995263657,"status":"failed","message":"Playwright Test did not expect test.describe() to be called here.\nMost common reasons include:\n- You are calling test.describe() in a configuration file.\n- You are calling test.describe() in a file that is imported by the configuration file.\n- You have two different versions of @playwright/test. This usually happens\n  when one of the dependencies in your package.json depends on @playwright/test.","name":"/home/kurosawa/PMPLearningManagement/e2e/tests/navigation.spec.js"}]}